2022-07-13 09:40:39,322 - kedro.framework.session.session - INFO - ** Kedro project spaceflights-tutorial
2022-07-13 09:40:39,364 - kedro.framework.session.store - INFO - `save()` not implemented for `BaseSessionStore`. Skipping the step.
2022-07-13 09:41:46,404 - kedro.framework.session.session - INFO - ** Kedro project spaceflights-tutorial
2022-07-13 09:41:46,429 - kedro.framework.session.store - INFO - `save()` not implemented for `BaseSessionStore`. Skipping the step.
2022-07-13 09:42:42,164 - kedro.framework.session.session - INFO - ** Kedro project spaceflights-tutorial
2022-07-13 09:42:42,937 - kedro.io.data_catalog - INFO - Loading data from `companies` (CSVDataSet)...
2022-07-13 09:42:43,087 - kedro.pipeline.node - INFO - Running node: preprocess_companies_node: preprocess_companies([companies]) -> [preprocessed_companies]
2022-07-13 09:42:43,115 - kedro.io.data_catalog - INFO - Saving data to `preprocessed_companies` (MemoryDataSet)...
2022-07-13 09:42:43,117 - kedro.runner.sequential_runner - INFO - Completed 1 out of 1 tasks
2022-07-13 09:42:43,117 - kedro.runner.sequential_runner - INFO - Pipeline execution completed successfully.
2022-07-13 09:42:43,117 - kedro.io.data_catalog - INFO - Loading data from `preprocessed_companies` (MemoryDataSet)...
2022-07-13 09:42:43,117 - kedro.framework.session.store - INFO - `save()` not implemented for `BaseSessionStore`. Skipping the step.
2022-07-13 09:44:11,544 - kedro.framework.session.session - INFO - ** Kedro project spaceflights-tutorial
2022-07-13 09:44:11,689 - kedro.io.data_catalog - INFO - Loading data from `shuttles` (ExcelDataSet)...
2022-07-13 09:44:21,185 - kedro.pipeline.node - INFO - Running node: preprocess_shuttles_node: preprocess_shuttles([shuttles]) -> [preprocessed_shuttles]
2022-07-13 09:44:21,252 - kedro.io.data_catalog - INFO - Saving data to `preprocessed_shuttles` (MemoryDataSet)...
2022-07-13 09:44:21,258 - kedro.runner.sequential_runner - INFO - Completed 1 out of 2 tasks
2022-07-13 09:44:21,258 - kedro.io.data_catalog - INFO - Loading data from `companies` (CSVDataSet)...
2022-07-13 09:44:21,285 - kedro.pipeline.node - INFO - Running node: preprocess_companies_node: preprocess_companies([companies]) -> [preprocessed_companies]
2022-07-13 09:44:21,309 - kedro.io.data_catalog - INFO - Saving data to `preprocessed_companies` (MemoryDataSet)...
2022-07-13 09:44:21,310 - kedro.runner.sequential_runner - INFO - Completed 2 out of 2 tasks
2022-07-13 09:44:21,310 - kedro.runner.sequential_runner - INFO - Pipeline execution completed successfully.
2022-07-13 09:44:21,310 - kedro.io.data_catalog - INFO - Loading data from `preprocessed_companies` (MemoryDataSet)...
2022-07-13 09:44:21,311 - kedro.io.data_catalog - INFO - Loading data from `preprocessed_shuttles` (MemoryDataSet)...
2022-07-13 09:44:21,325 - kedro.framework.session.store - INFO - `save()` not implemented for `BaseSessionStore`. Skipping the step.
2022-07-13 09:47:44,996 - kedro.framework.session.session - INFO - ** Kedro project spaceflights-tutorial
2022-07-13 09:47:45,106 - kedro.io.data_catalog - INFO - Loading data from `shuttles` (ExcelDataSet)...
2022-07-13 09:47:52,829 - kedro.pipeline.node - INFO - Running node: preprocess_shuttles_node: preprocess_shuttles([shuttles]) -> [preprocessed_shuttles]
2022-07-13 09:47:52,891 - kedro.io.data_catalog - INFO - Saving data to `preprocessed_shuttles` (MemoryDataSet)...
2022-07-13 09:47:52,894 - kedro.runner.sequential_runner - INFO - Completed 1 out of 1 tasks
2022-07-13 09:47:52,895 - kedro.runner.sequential_runner - INFO - Pipeline execution completed successfully.
2022-07-13 09:47:52,895 - kedro.io.data_catalog - INFO - Loading data from `preprocessed_shuttles` (MemoryDataSet)...
2022-07-13 09:47:52,898 - kedro.framework.session.store - INFO - `save()` not implemented for `BaseSessionStore`. Skipping the step.
2022-07-13 09:49:05,255 - kedro.framework.session.session - INFO - ** Kedro project spaceflights-tutorial
2022-07-13 09:49:05,279 - kedro.framework.session.store - INFO - `save()` not implemented for `BaseSessionStore`. Skipping the step.
2022-07-13 09:49:50,729 - kedro.framework.session.session - INFO - ** Kedro project spaceflights-tutorial
2022-07-13 09:49:50,746 - kedro.framework.session.store - INFO - `save()` not implemented for `BaseSessionStore`. Skipping the step.
2022-07-13 09:51:04,669 - kedro.framework.session.session - INFO - ** Kedro project spaceflights-tutorial
2022-07-13 09:51:04,696 - kedro.framework.session.store - INFO - `save()` not implemented for `BaseSessionStore`. Skipping the step.
2022-07-13 09:51:32,923 - uvicorn.error - INFO - Started server process [42475]
2022-07-13 09:51:32,929 - uvicorn.error - INFO - Waiting for application startup.
2022-07-13 09:51:32,932 - uvicorn.error - INFO - Application startup complete.
2022-07-13 09:51:32,941 - uvicorn.error - INFO - Uvicorn running on http://127.0.0.1:4141 (Press CTRL+C to quit)
2022-07-13 09:51:55,854 - uvicorn.error - INFO - Shutting down
2022-07-13 09:51:55,960 - uvicorn.error - INFO - Waiting for application shutdown.
2022-07-13 09:51:55,961 - uvicorn.error - INFO - Application shutdown complete.
2022-07-13 09:51:55,962 - uvicorn.error - INFO - Finished server process [42475]
2022-07-13 09:52:09,316 - uvicorn.error - INFO - Started server process [42514]
2022-07-13 09:52:09,317 - uvicorn.error - INFO - Waiting for application startup.
2022-07-13 09:52:09,318 - uvicorn.error - INFO - Application startup complete.
2022-07-13 09:52:09,320 - uvicorn.error - INFO - Uvicorn running on http://127.0.0.1:4141 (Press CTRL+C to quit)
2022-07-13 09:52:35,583 - uvicorn.error - INFO - Shutting down
2022-07-13 09:52:35,691 - uvicorn.error - INFO - Waiting for application shutdown.
2022-07-13 09:52:35,692 - uvicorn.error - INFO - Application shutdown complete.
2022-07-13 09:52:35,693 - uvicorn.error - INFO - Finished server process [42514]
2022-07-13 09:54:35,038 - uvicorn.error - INFO - Started server process [42596]
2022-07-13 09:54:35,040 - uvicorn.error - INFO - Waiting for application startup.
2022-07-13 09:54:35,041 - uvicorn.error - INFO - Application startup complete.
2022-07-13 09:54:35,044 - uvicorn.error - INFO - Uvicorn running on http://127.0.0.1:4141 (Press CTRL+C to quit)
2022-07-13 09:54:35,246 - uvicorn.access - INFO - 127.0.0.1:64751 - "GET / HTTP/1.1" 200
2022-07-13 09:54:35,263 - uvicorn.access - INFO - 127.0.0.1:64751 - "GET /css/main.ea9e0d4a.chunk.css HTTP/1.1" 200
2022-07-13 09:54:35,264 - uvicorn.access - INFO - 127.0.0.1:64752 - "GET /js/2.453203af.chunk.js HTTP/1.1" 200
2022-07-13 09:54:35,264 - uvicorn.access - INFO - 127.0.0.1:64753 - "GET /js/main.976deb37.chunk.js HTTP/1.1" 200
2022-07-13 09:54:35,624 - uvicorn.error - INFO - ('127.0.0.1', 64760) - "WebSocket /graphql" [accepted]
2022-07-13 09:54:35,625 - uvicorn.error - INFO - connection open
2022-07-13 09:54:35,973 - uvicorn.access - INFO - 127.0.0.1:64751 - "GET /api/main HTTP/1.1" 200
2022-07-13 09:54:35,991 - kedro_viz.integrations.pypi - INFO - Checking for update...
2022-07-13 09:54:36,072 - uvicorn.access - INFO - 127.0.0.1:64752 - "POST /graphql HTTP/1.1" 200
2022-07-13 09:54:36,115 - uvicorn.access - INFO - 127.0.0.1:64763 - "GET /apple-touch-icon-precomposed.png HTTP/1.1" 404
2022-07-13 09:54:36,117 - uvicorn.access - INFO - 127.0.0.1:64763 - "GET /apple-touch-icon.png HTTP/1.1" 404
2022-07-13 09:54:36,160 - uvicorn.access - INFO - 127.0.0.1:64766 - "GET /favicon.ico HTTP/1.1" 404
2022-07-13 09:54:43,961 - uvicorn.access - INFO - 127.0.0.1:64772 - "GET /api/nodes/493ad53a HTTP/1.1" 200
2022-07-13 09:54:47,321 - uvicorn.access - INFO - 127.0.0.1:64772 - "GET /api/nodes/aed46479 HTTP/1.1" 200
2022-07-13 09:54:54,769 - uvicorn.access - INFO - 127.0.0.1:64776 - "GET /api/nodes/94112458 HTTP/1.1" 200
2022-07-13 09:55:47,736 - uvicorn.access - INFO - 127.0.0.1:64806 - "GET /api/nodes/f1d596c2 HTTP/1.1" 200
2022-07-13 09:55:49,517 - uvicorn.access - INFO - 127.0.0.1:64806 - "GET /api/nodes/acdb05cf HTTP/1.1" 200
2022-07-13 09:55:56,094 - uvicorn.access - INFO - 127.0.0.1:64816 - "GET /api/nodes/c071dac9 HTTP/1.1" 200
2022-07-13 09:56:40,072 - uvicorn.error - INFO - Shutting down
2022-07-13 09:56:40,095 - uvicorn.error - INFO - connection closed
2022-07-13 09:56:40,177 - uvicorn.error - INFO - Waiting for application shutdown.
2022-07-13 09:56:40,179 - uvicorn.error - INFO - Application shutdown complete.
2022-07-13 09:56:40,180 - uvicorn.error - INFO - Finished server process [42596]
2022-07-13 10:06:31,782 - kedro.framework.session.session - INFO - ** Kedro project spaceflights-tutorial
2022-07-13 10:06:31,919 - kedro.io.data_catalog - INFO - Loading data from `companies` (CSVDataSet)...
2022-07-13 10:06:31,949 - kedro.pipeline.node - INFO - Running node: preprocess_companies_node: preprocess_companies([companies]) -> [preprocessed_companies]
2022-07-13 10:06:31,974 - kedro.io.data_catalog - INFO - Saving data to `preprocessed_companies` (ParquetDataSet)...
2022-07-13 10:06:32,072 - kedro.runner.sequential_runner - INFO - Completed 1 out of 2 tasks
2022-07-13 10:06:32,072 - kedro.io.data_catalog - INFO - Loading data from `shuttles` (ExcelDataSet)...
2022-07-13 10:06:39,752 - kedro.pipeline.node - INFO - Running node: preprocess_shuttles_node: preprocess_shuttles([shuttles]) -> [preprocessed_shuttles]
2022-07-13 10:06:39,815 - kedro.io.data_catalog - INFO - Saving data to `preprocessed_shuttles` (ParquetDataSet)...
2022-07-13 10:06:39,863 - kedro.runner.sequential_runner - INFO - Completed 2 out of 2 tasks
2022-07-13 10:06:39,863 - kedro.runner.sequential_runner - INFO - Pipeline execution completed successfully.
2022-07-13 10:06:39,863 - kedro.framework.session.store - INFO - `save()` not implemented for `BaseSessionStore`. Skipping the step.
2022-07-13 10:10:19,592 - kedro.framework.session.session - INFO - ** Kedro project spaceflights-tutorial
2022-07-13 10:10:19,750 - kedro.io.data_catalog - INFO - Loading data from `shuttles` (ExcelDataSet)...
2022-07-13 10:10:27,449 - kedro.pipeline.node - INFO - Running node: preprocess_shuttles_node: preprocess_shuttles([shuttles]) -> [preprocessed_shuttles]
2022-07-13 10:10:27,509 - kedro.io.data_catalog - INFO - Saving data to `preprocessed_shuttles` (ExcelDataSet)...
2022-07-13 10:10:43,591 - kedro.runner.sequential_runner - INFO - Completed 1 out of 2 tasks
2022-07-13 10:10:43,595 - kedro.io.data_catalog - INFO - Loading data from `companies` (CSVDataSet)...
2022-07-13 10:10:43,628 - kedro.pipeline.node - INFO - Running node: preprocess_companies_node: preprocess_companies([companies]) -> [preprocessed_companies]
2022-07-13 10:10:43,652 - kedro.io.data_catalog - INFO - Saving data to `preprocessed_companies` (ExcelDataSet)...
2022-07-13 10:10:49,447 - kedro.runner.sequential_runner - INFO - Completed 2 out of 2 tasks
2022-07-13 10:10:49,448 - kedro.runner.sequential_runner - INFO - Pipeline execution completed successfully.
2022-07-13 10:10:49,448 - kedro.framework.session.store - INFO - `save()` not implemented for `BaseSessionStore`. Skipping the step.
2022-07-13 10:24:29,460 - kedro.framework.session.session - INFO - ** Kedro project spaceflights-tutorial
2022-07-13 10:24:29,590 - kedro.io.data_catalog - INFO - Loading data from `shuttles` (ExcelDataSet)...
2022-07-13 10:24:37,338 - kedro.pipeline.node - INFO - Running node: preprocess_shuttles_node: preprocess_shuttles([shuttles]) -> [preprocessed_shuttles]
2022-07-13 10:24:37,400 - kedro.io.data_catalog - INFO - Saving data to `preprocessed_shuttles` (ExcelDataSet)...
2022-07-13 10:24:53,568 - kedro.runner.sequential_runner - INFO - Completed 1 out of 1 tasks
2022-07-13 10:24:53,569 - kedro.runner.sequential_runner - INFO - Pipeline execution completed successfully.
2022-07-13 10:24:53,569 - kedro.framework.session.store - INFO - `save()` not implemented for `BaseSessionStore`. Skipping the step.
2022-07-13 10:26:18,556 - kedro.framework.session.session - INFO - ** Kedro project spaceflights-tutorial
2022-07-13 10:26:18,568 - kedro.framework.session.store - INFO - `save()` not implemented for `BaseSessionStore`. Skipping the step.
2022-07-13 10:27:04,401 - kedro.framework.session.session - INFO - ** Kedro project spaceflights-tutorial
2022-07-13 10:27:04,495 - kedro.io.data_catalog - INFO - Loading data from `companies` (CSVDataSet)...
2022-07-13 10:27:04,526 - kedro.pipeline.node - INFO - Running node: preprocess_companies_node: preprocess_companies([companies]) -> [preprocessed_companies]
2022-07-13 10:27:04,549 - kedro.io.data_catalog - INFO - Saving data to `preprocessed_companies` (ExcelDataSet)...
2022-07-13 10:27:10,789 - kedro.runner.sequential_runner - INFO - Completed 1 out of 1 tasks
2022-07-13 10:27:10,790 - kedro.runner.sequential_runner - INFO - Pipeline execution completed successfully.
2022-07-13 10:27:10,790 - kedro.framework.session.store - INFO - `save()` not implemented for `BaseSessionStore`. Skipping the step.
2022-07-13 10:27:45,506 - kedro.framework.session.session - INFO - ** Kedro project spaceflights-tutorial
2022-07-13 10:27:45,622 - kedro.io.data_catalog - INFO - Loading data from `shuttles` (ExcelDataSet)...
2022-07-13 10:27:53,342 - kedro.pipeline.node - INFO - Running node: preprocess_shuttles_node: preprocess_shuttles([shuttles]) -> [preprocessed_shuttles]
2022-07-13 10:27:53,410 - kedro.io.data_catalog - INFO - Saving data to `preprocessed_shuttles` (ExcelDataSet)...
2022-07-13 10:28:09,519 - kedro.runner.sequential_runner - INFO - Completed 1 out of 2 tasks
2022-07-13 10:28:09,522 - kedro.io.data_catalog - INFO - Loading data from `companies` (CSVDataSet)...
2022-07-13 10:28:09,552 - kedro.pipeline.node - INFO - Running node: preprocess_companies_node: preprocess_companies([companies]) -> [preprocessed_companies]
2022-07-13 10:28:09,576 - kedro.io.data_catalog - INFO - Saving data to `preprocessed_companies` (ExcelDataSet)...
2022-07-13 10:28:15,365 - kedro.runner.sequential_runner - INFO - Completed 2 out of 2 tasks
2022-07-13 10:28:15,365 - kedro.runner.sequential_runner - INFO - Pipeline execution completed successfully.
2022-07-13 10:28:15,365 - kedro.framework.session.store - INFO - `save()` not implemented for `BaseSessionStore`. Skipping the step.
2022-07-13 10:28:43,416 - kedro.framework.session.session - INFO - ** Kedro project spaceflights-tutorial
2022-07-13 10:28:43,541 - kedro.io.data_catalog - INFO - Loading data from `companies` (CSVDataSet)...
2022-07-13 10:28:43,575 - kedro.pipeline.node - INFO - Running node: preprocess_companies_node: preprocess_companies([companies]) -> [preprocessed_companies]
2022-07-13 10:28:43,600 - kedro.io.data_catalog - INFO - Saving data to `preprocessed_companies` (ExcelDataSet)...
2022-07-13 10:28:49,918 - kedro.runner.sequential_runner - INFO - Completed 1 out of 2 tasks
2022-07-13 10:28:49,919 - kedro.io.data_catalog - INFO - Loading data from `shuttles` (ExcelDataSet)...
2022-07-13 10:28:57,610 - kedro.pipeline.node - INFO - Running node: preprocess_shuttles_node: preprocess_shuttles([shuttles]) -> [preprocessed_shuttles]
2022-07-13 10:28:57,673 - kedro.io.data_catalog - INFO - Saving data to `preprocessed_shuttles` (ExcelDataSet)...
2022-07-13 10:29:13,682 - kedro.runner.sequential_runner - INFO - Completed 2 out of 2 tasks
2022-07-13 10:29:13,685 - kedro.runner.sequential_runner - INFO - Pipeline execution completed successfully.
2022-07-13 10:29:13,685 - kedro.framework.session.store - INFO - `save()` not implemented for `BaseSessionStore`. Skipping the step.
2022-07-13 10:30:34,448 - uvicorn.error - INFO - Started server process [43583]
2022-07-13 10:30:34,449 - uvicorn.error - INFO - Waiting for application startup.
2022-07-13 10:30:34,450 - uvicorn.error - INFO - Application startup complete.
2022-07-13 10:30:34,456 - uvicorn.error - INFO - Uvicorn running on http://127.0.0.1:4141 (Press CTRL+C to quit)
2022-07-13 10:30:35,264 - uvicorn.access - INFO - 127.0.0.1:49774 - "GET / HTTP/1.1" 200
2022-07-13 10:30:35,709 - uvicorn.error - INFO - ('127.0.0.1', 49781) - "WebSocket /graphql" [accepted]
2022-07-13 10:30:35,721 - uvicorn.error - INFO - connection open
2022-07-13 10:30:36,080 - uvicorn.access - INFO - 127.0.0.1:49774 - "GET /api/main HTTP/1.1" 200
2022-07-13 10:30:36,096 - kedro_viz.integrations.pypi - INFO - Checking for update...
2022-07-13 10:30:37,883 - uvicorn.access - INFO - 127.0.0.1:49782 - "POST /graphql HTTP/1.1" 200
2022-07-13 10:30:41,126 - uvicorn.access - INFO - 127.0.0.1:49782 - "GET /api/nodes/aed46479 HTTP/1.1" 200
2022-07-13 10:30:48,835 - uvicorn.access - INFO - 127.0.0.1:49802 - "GET /api/nodes/493ad53a HTTP/1.1" 200
2022-07-13 10:31:12,675 - uvicorn.error - INFO - Shutting down
2022-07-13 10:31:12,677 - uvicorn.error - INFO - connection closed
2022-07-13 10:31:12,778 - uvicorn.error - INFO - Waiting for application shutdown.
2022-07-13 10:31:12,778 - uvicorn.error - INFO - Application shutdown complete.
2022-07-13 10:31:12,779 - uvicorn.error - INFO - Finished server process [43583]
2022-07-13 10:45:00,479 - kedro.framework.session.session - INFO - ** Kedro project spaceflights-tutorial
2022-07-13 10:45:00,646 - kedro.io.data_catalog - INFO - Loading data from `companies` (CSVDataSet)...
2022-07-13 10:45:00,677 - kedro.pipeline.node - INFO - Running node: preprocess_companies_node: preprocess_companies([companies]) -> [preprocessed_companies]
2022-07-13 10:45:00,702 - kedro.io.data_catalog - INFO - Saving data to `preprocessed_companies` (MemoryDataSet)...
2022-07-13 10:45:00,703 - kedro.runner.sequential_runner - INFO - Completed 1 out of 3 tasks
2022-07-13 10:45:00,703 - kedro.io.data_catalog - INFO - Loading data from `shuttles` (ExcelDataSet)...
2022-07-13 10:45:08,480 - kedro.pipeline.node - INFO - Running node: preprocess_shuttles_node: preprocess_shuttles([shuttles]) -> [preprocessed_shuttles]
2022-07-13 10:45:08,542 - kedro.io.data_catalog - INFO - Saving data to `preprocessed_shuttles` (MemoryDataSet)...
2022-07-13 10:45:08,547 - kedro.runner.sequential_runner - INFO - Completed 2 out of 3 tasks
2022-07-13 10:45:08,547 - kedro.io.data_catalog - INFO - Loading data from `preprocessed_companies` (MemoryDataSet)...
2022-07-13 10:45:08,551 - kedro.io.data_catalog - INFO - Loading data from `preprocessed_shuttles` (MemoryDataSet)...
2022-07-13 10:45:08,554 - kedro.io.data_catalog - INFO - Loading data from `reviews` (CSVDataSet)...
2022-07-13 10:45:08,732 - kedro.pipeline.node - INFO - Running node: model_input_table_node: create_model_input_table([preprocessed_companies,preprocessed_shuttles,reviews]) -> [model_input_table]
2022-07-13 10:45:08,756 - kedro.pipeline.node - ERROR - Node `model_input_table_node: create_model_input_table([preprocessed_companies,preprocessed_shuttles,reviews]) -> [model_input_table]` failed with error: 
'company_id'
2022-07-13 10:45:08,756 - kedro.runner.sequential_runner - WARNING - There are 1 nodes that have not run.
You can resume the pipeline run by adding the following argument to your previous command:
  --from-nodes "model_input_table_node"
2022-07-13 10:45:08,889 - kedro.framework.session.store - INFO - `save()` not implemented for `BaseSessionStore`. Skipping the step.
2022-07-13 10:45:44,704 - kedro.framework.session.session - INFO - ** Kedro project spaceflights-tutorial
2022-07-13 10:45:44,824 - kedro.framework.session.store - INFO - `save()` not implemented for `BaseSessionStore`. Skipping the step.
2022-07-13 10:46:30,064 - kedro.framework.session.session - INFO - ** Kedro project spaceflights-tutorial
2022-07-13 10:46:30,176 - kedro.io.data_catalog - INFO - Loading data from `shuttles` (ExcelDataSet)...
2022-07-13 10:46:37,870 - kedro.pipeline.node - INFO - Running node: preprocess_shuttles_node: preprocess_shuttles([shuttles]) -> [preprocessed_shuttles]
2022-07-13 10:46:37,934 - kedro.io.data_catalog - INFO - Saving data to `preprocessed_shuttles` (MemoryDataSet)...
2022-07-13 10:46:37,940 - kedro.runner.sequential_runner - INFO - Completed 1 out of 3 tasks
2022-07-13 10:46:37,940 - kedro.io.data_catalog - INFO - Loading data from `companies` (CSVDataSet)...
2022-07-13 10:46:37,979 - kedro.pipeline.node - INFO - Running node: preprocess_companies_node: preprocess_companies([companies]) -> [preprocessed_companies]
2022-07-13 10:46:38,003 - kedro.io.data_catalog - INFO - Saving data to `preprocessed_companies` (MemoryDataSet)...
2022-07-13 10:46:38,005 - kedro.runner.sequential_runner - INFO - Completed 2 out of 3 tasks
2022-07-13 10:46:38,006 - kedro.io.data_catalog - INFO - Loading data from `preprocessed_companies` (MemoryDataSet)...
2022-07-13 10:46:38,006 - kedro.io.data_catalog - INFO - Loading data from `preprocessed_shuttles` (MemoryDataSet)...
2022-07-13 10:46:38,019 - kedro.io.data_catalog - INFO - Loading data from `reviews` (CSVDataSet)...
2022-07-13 10:46:38,060 - kedro.pipeline.node - INFO - Running node: model_input_table_node: create_model_input_table([preprocessed_companies,preprocessed_shuttles,reviews]) -> [model_input_table]
2022-07-13 10:46:38,077 - kedro.pipeline.node - ERROR - Node `model_input_table_node: create_model_input_table([preprocessed_companies,preprocessed_shuttles,reviews]) -> [model_input_table]` failed with error: 
'company_id'
2022-07-13 10:46:38,079 - kedro.runner.sequential_runner - WARNING - There are 1 nodes that have not run.
You can resume the pipeline run by adding the following argument to your previous command:
  --from-nodes "model_input_table_node"
2022-07-13 10:46:38,092 - kedro.framework.session.store - INFO - `save()` not implemented for `BaseSessionStore`. Skipping the step.
2022-07-13 10:47:28,614 - kedro.framework.session.session - INFO - ** Kedro project spaceflights-tutorial
2022-07-13 10:47:28,724 - kedro.io.data_catalog - INFO - Loading data from `companies` (CSVDataSet)...
2022-07-13 10:47:28,753 - kedro.pipeline.node - INFO - Running node: preprocess_companies_node: preprocess_companies([companies]) -> [preprocessed_companies]
2022-07-13 10:47:28,779 - kedro.io.data_catalog - INFO - Saving data to `preprocessed_companies` (MemoryDataSet)...
2022-07-13 10:47:28,780 - kedro.runner.sequential_runner - INFO - Completed 1 out of 3 tasks
2022-07-13 10:47:28,780 - kedro.io.data_catalog - INFO - Loading data from `shuttles` (ExcelDataSet)...
2022-07-13 10:47:36,624 - kedro.pipeline.node - INFO - Running node: preprocess_shuttles_node: preprocess_shuttles([shuttles]) -> [preprocessed_shuttles]
2022-07-13 10:47:36,685 - kedro.io.data_catalog - INFO - Saving data to `preprocessed_shuttles` (MemoryDataSet)...
2022-07-13 10:47:36,687 - kedro.runner.sequential_runner - INFO - Completed 2 out of 3 tasks
2022-07-13 10:47:36,688 - kedro.io.data_catalog - INFO - Loading data from `preprocessed_companies` (MemoryDataSet)...
2022-07-13 10:47:36,688 - kedro.io.data_catalog - INFO - Loading data from `preprocessed_shuttles` (MemoryDataSet)...
2022-07-13 10:47:36,689 - kedro.io.data_catalog - INFO - Loading data from `reviews` (CSVDataSet)...
2022-07-13 10:47:36,735 - kedro.pipeline.node - INFO - Running node: model_input_table_node: create_model_input_table([preprocessed_companies,preprocessed_shuttles,reviews]) -> [model_input_table]
2022-07-13 10:47:36,753 - kedro.pipeline.node - ERROR - Node `model_input_table_node: create_model_input_table([preprocessed_companies,preprocessed_shuttles,reviews]) -> [model_input_table]` failed with error: 
'company_id'
2022-07-13 10:47:36,756 - kedro.runner.sequential_runner - WARNING - There are 1 nodes that have not run.
You can resume the pipeline run by adding the following argument to your previous command:
  --from-nodes "model_input_table_node"
2022-07-13 10:47:36,767 - kedro.framework.session.store - INFO - `save()` not implemented for `BaseSessionStore`. Skipping the step.
2022-07-13 10:48:59,832 - kedro.framework.session.session - INFO - ** Kedro project spaceflights-tutorial
2022-07-13 10:48:59,959 - kedro.io.data_catalog - INFO - Loading data from `shuttles` (ExcelDataSet)...
2022-07-13 10:49:07,714 - kedro.pipeline.node - INFO - Running node: preprocess_shuttles_node: preprocess_shuttles([shuttles]) -> [preprocessed_shuttles]
2022-07-13 10:49:07,780 - kedro.io.data_catalog - INFO - Saving data to `preprocessed_shuttles` (MemoryDataSet)...
2022-07-13 10:49:07,785 - kedro.runner.sequential_runner - INFO - Completed 1 out of 3 tasks
2022-07-13 10:49:07,785 - kedro.io.data_catalog - INFO - Loading data from `companies` (CSVDataSet)...
2022-07-13 10:49:07,813 - kedro.pipeline.node - INFO - Running node: preprocess_companies_node: preprocess_companies([companies]) -> [preprocessed_companies]
2022-07-13 10:49:07,837 - kedro.io.data_catalog - INFO - Saving data to `preprocessed_companies` (MemoryDataSet)...
2022-07-13 10:49:07,839 - kedro.runner.sequential_runner - INFO - Completed 2 out of 3 tasks
2022-07-13 10:49:07,839 - kedro.io.data_catalog - INFO - Loading data from `preprocessed_companies` (MemoryDataSet)...
2022-07-13 10:49:07,839 - kedro.io.data_catalog - INFO - Loading data from `preprocessed_shuttles` (MemoryDataSet)...
2022-07-13 10:49:07,850 - kedro.io.data_catalog - INFO - Loading data from `reviews` (CSVDataSet)...
2022-07-13 10:49:07,895 - kedro.pipeline.node - INFO - Running node: model_input_table_node: create_model_input_table([preprocessed_companies,preprocessed_shuttles,reviews]) -> [model_input_table]
2022-07-13 10:49:07,910 - kedro.pipeline.node - ERROR - Node `model_input_table_node: create_model_input_table([preprocessed_companies,preprocessed_shuttles,reviews]) -> [model_input_table]` failed with error: 
'company_id'
2022-07-13 10:49:07,912 - kedro.runner.sequential_runner - WARNING - There are 1 nodes that have not run.
You can resume the pipeline run by adding the following argument to your previous command:
  --from-nodes "model_input_table_node"
2022-07-13 10:49:07,918 - kedro.framework.session.store - INFO - `save()` not implemented for `BaseSessionStore`. Skipping the step.
2022-07-13 10:49:38,606 - kedro.framework.session.session - INFO - ** Kedro project spaceflights-tutorial
2022-07-13 10:49:38,711 - kedro.io.data_catalog - INFO - Loading data from `companies` (CSVDataSet)...
2022-07-13 10:49:38,743 - kedro.pipeline.node - INFO - Running node: preprocess_companies_node: preprocess_companies([companies]) -> [preprocessed_companies]
2022-07-13 10:49:38,768 - kedro.io.data_catalog - INFO - Saving data to `preprocessed_companies` (ExcelDataSet)...
2022-07-13 10:49:45,034 - kedro.runner.sequential_runner - INFO - Completed 1 out of 3 tasks
2022-07-13 10:49:45,034 - kedro.io.data_catalog - INFO - Loading data from `shuttles` (ExcelDataSet)...
2022-07-13 10:49:52,717 - kedro.pipeline.node - INFO - Running node: preprocess_shuttles_node: preprocess_shuttles([shuttles]) -> [preprocessed_shuttles]
2022-07-13 10:49:52,777 - kedro.io.data_catalog - INFO - Saving data to `preprocessed_shuttles` (ExcelDataSet)...
2022-07-13 10:50:08,680 - kedro.runner.sequential_runner - INFO - Completed 2 out of 3 tasks
2022-07-13 10:50:08,680 - kedro.io.data_catalog - INFO - Loading data from `preprocessed_companies` (ExcelDataSet)...
2022-07-13 10:50:12,027 - kedro.io.data_catalog - INFO - Loading data from `preprocessed_shuttles` (ExcelDataSet)...
2022-07-13 10:50:22,332 - kedro.io.data_catalog - INFO - Loading data from `reviews` (CSVDataSet)...
2022-07-13 10:50:22,375 - kedro.pipeline.node - INFO - Running node: model_input_table_node: create_model_input_table([preprocessed_companies,preprocessed_shuttles,reviews]) -> [model_input_table]
2022-07-13 10:50:22,392 - kedro.pipeline.node - ERROR - Node `model_input_table_node: create_model_input_table([preprocessed_companies,preprocessed_shuttles,reviews]) -> [model_input_table]` failed with error: 
'company_id'
2022-07-13 10:50:22,400 - kedro.runner.sequential_runner - WARNING - There are 1 nodes that have not run.
You can resume the pipeline run by adding the following argument to your previous command:
  --from-nodes "model_input_table_node"
2022-07-13 10:50:22,416 - kedro.framework.session.store - INFO - `save()` not implemented for `BaseSessionStore`. Skipping the step.
2022-07-13 10:59:27,099 - kedro.framework.session.session - INFO - ** Kedro project spaceflights-tutorial
2022-07-13 10:59:27,219 - kedro.io.data_catalog - INFO - Loading data from `companies` (CSVDataSet)...
2022-07-13 10:59:27,248 - kedro.pipeline.node - INFO - Running node: preprocess_companies_node: preprocess_companies([companies]) -> [preprocessed_companies]
2022-07-13 10:59:27,272 - kedro.io.data_catalog - INFO - Saving data to `preprocessed_companies` (ExcelDataSet)...
2022-07-13 10:59:33,556 - kedro.runner.sequential_runner - INFO - Completed 1 out of 3 tasks
2022-07-13 10:59:33,556 - kedro.io.data_catalog - INFO - Loading data from `shuttles` (ExcelDataSet)...
2022-07-13 10:59:41,131 - kedro.pipeline.node - INFO - Running node: preprocess_shuttles_node: preprocess_shuttles([shuttles]) -> [preprocessed_shuttles]
2022-07-13 10:59:41,192 - kedro.io.data_catalog - INFO - Saving data to `preprocessed_shuttles` (ExcelDataSet)...
2022-07-13 10:59:57,155 - kedro.runner.sequential_runner - INFO - Completed 2 out of 3 tasks
2022-07-13 10:59:57,157 - kedro.io.data_catalog - INFO - Loading data from `preprocessed_companies` (ExcelDataSet)...
2022-07-13 11:00:00,571 - kedro.io.data_catalog - INFO - Loading data from `preprocessed_shuttles` (ExcelDataSet)...
2022-07-13 11:00:10,933 - kedro.io.data_catalog - INFO - Loading data from `reviews` (CSVDataSet)...
2022-07-13 11:00:10,969 - kedro.pipeline.node - INFO - Running node: model_input_table_node: create_model_input_table([preprocessed_companies,preprocessed_shuttles,reviews]) -> [model_input_table]
2022-07-13 11:00:10,982 - kedro.pipeline.node - ERROR - Node `model_input_table_node: create_model_input_table([preprocessed_companies,preprocessed_shuttles,reviews]) -> [model_input_table]` failed with error: 
'company_id'
2022-07-13 11:00:10,984 - kedro.runner.sequential_runner - WARNING - There are 1 nodes that have not run.
You can resume the pipeline run by adding the following argument to your previous command:
  --from-nodes "model_input_table_node"
2022-07-13 11:00:11,003 - kedro.framework.session.store - INFO - `save()` not implemented for `BaseSessionStore`. Skipping the step.
2022-07-13 11:05:04,057 - kedro.framework.session.session - INFO - ** Kedro project spaceflights-tutorial
2022-07-13 11:05:04,281 - kedro.io.data_catalog - INFO - Loading data from `shuttles` (ExcelDataSet)...
2022-07-13 11:05:12,113 - kedro.pipeline.node - INFO - Running node: preprocess_shuttles_node: preprocess_shuttles([shuttles]) -> [preprocessed_shuttles]
2022-07-13 11:05:12,181 - kedro.io.data_catalog - INFO - Saving data to `preprocessed_shuttles` (ExcelDataSet)...
2022-07-13 11:05:28,512 - kedro.runner.sequential_runner - INFO - Completed 1 out of 3 tasks
2022-07-13 11:05:28,512 - kedro.io.data_catalog - INFO - Loading data from `companies` (CSVDataSet)...
2022-07-13 11:05:28,555 - kedro.pipeline.node - INFO - Running node: preprocess_companies_node: preprocess_companies([companies]) -> [preprocessed_companies]
2022-07-13 11:05:28,580 - kedro.io.data_catalog - INFO - Saving data to `preprocessed_companies` (ExcelDataSet)...
2022-07-13 11:05:34,412 - kedro.runner.sequential_runner - INFO - Completed 2 out of 3 tasks
2022-07-13 11:05:34,412 - kedro.io.data_catalog - INFO - Loading data from `preprocessed_companies` (ExcelDataSet)...
2022-07-13 11:05:38,155 - kedro.io.data_catalog - INFO - Loading data from `preprocessed_shuttles` (ExcelDataSet)...
2022-07-13 11:05:48,604 - kedro.io.data_catalog - INFO - Loading data from `reviews` (CSVDataSet)...
2022-07-13 11:05:48,657 - kedro.pipeline.node - INFO - Running node: model_input_table_node: create_model_input_table([preprocessed_companies,preprocessed_shuttles,reviews]) -> [model_input_table]
2022-07-13 11:05:48,672 - kedro.pipeline.node - ERROR - Node `model_input_table_node: create_model_input_table([preprocessed_companies,preprocessed_shuttles,reviews]) -> [model_input_table]` failed with error: 
'company_id'
2022-07-13 11:05:48,673 - kedro.runner.sequential_runner - WARNING - There are 1 nodes that have not run.
You can resume the pipeline run by adding the following argument to your previous command:
  --from-nodes "model_input_table_node"
2022-07-13 11:05:48,680 - kedro.framework.session.store - INFO - `save()` not implemented for `BaseSessionStore`. Skipping the step.
2022-07-13 11:07:01,101 - uvicorn.error - INFO - Started server process [44531]
2022-07-13 11:07:01,111 - uvicorn.error - INFO - Waiting for application startup.
2022-07-13 11:07:01,113 - uvicorn.error - INFO - Application startup complete.
2022-07-13 11:07:01,119 - uvicorn.error - INFO - Uvicorn running on http://127.0.0.1:4141 (Press CTRL+C to quit)
2022-07-13 11:07:01,558 - uvicorn.access - INFO - 127.0.0.1:51377 - "GET / HTTP/1.1" 200
2022-07-13 11:07:01,676 - uvicorn.error - INFO - ('127.0.0.1', 51384) - "WebSocket /graphql" [accepted]
2022-07-13 11:07:01,682 - uvicorn.error - INFO - connection open
2022-07-13 11:07:01,957 - uvicorn.access - INFO - 127.0.0.1:51377 - "GET /api/main HTTP/1.1" 200
2022-07-13 11:07:01,966 - kedro_viz.integrations.pypi - INFO - Checking for update...
2022-07-13 11:07:04,685 - uvicorn.access - INFO - 127.0.0.1:51385 - "POST /graphql HTTP/1.1" 200
2022-07-13 11:07:32,063 - uvicorn.access - INFO - 127.0.0.1:51410 - "GET /api/nodes/94112458 HTTP/1.1" 200
2022-07-13 11:08:06,970 - uvicorn.access - INFO - 127.0.0.1:51436 - "GET / HTTP/1.1" 200
2022-07-13 11:08:06,997 - uvicorn.error - INFO - connection closed
2022-07-13 11:08:07,075 - uvicorn.error - INFO - ('127.0.0.1', 51437) - "WebSocket /graphql" [accepted]
2022-07-13 11:08:07,077 - uvicorn.error - INFO - connection open
2022-07-13 11:08:07,202 - uvicorn.access - INFO - 127.0.0.1:51436 - "GET /api/main HTTP/1.1" 200
2022-07-13 11:08:07,219 - kedro_viz.integrations.pypi - INFO - Checking for update...
2022-07-13 11:08:10,036 - uvicorn.access - INFO - 127.0.0.1:51438 - "POST /graphql HTTP/1.1" 200
2022-07-13 11:08:10,605 - uvicorn.access - INFO - 127.0.0.1:51436 - "GET /api/nodes/94112458 HTTP/1.1" 200
2022-07-13 11:08:38,405 - uvicorn.access - INFO - 127.0.0.1:51462 - "GET / HTTP/1.1" 200
2022-07-13 11:08:38,410 - uvicorn.error - INFO - connection closed
2022-07-13 11:08:38,442 - uvicorn.error - INFO - ('127.0.0.1', 51463) - "WebSocket /graphql" [accepted]
2022-07-13 11:08:38,442 - uvicorn.error - INFO - connection open
2022-07-13 11:08:38,537 - uvicorn.access - INFO - 127.0.0.1:51462 - "GET /api/main HTTP/1.1" 200
2022-07-13 11:08:38,540 - kedro_viz.integrations.pypi - INFO - Checking for update...
2022-07-13 11:08:41,383 - uvicorn.access - INFO - 127.0.0.1:51462 - "GET /api/nodes/94112458 HTTP/1.1" 200
2022-07-13 11:08:41,386 - uvicorn.access - INFO - 127.0.0.1:51464 - "POST /graphql HTTP/1.1" 200
2022-07-13 11:09:21,183 - uvicorn.access - INFO - 127.0.0.1:51497 - "GET /api/nodes/b785bbd2 HTTP/1.1" 200
2022-07-13 11:09:50,250 - uvicorn.access - INFO - 127.0.0.1:51518 - "GET /api/nodes/acdb05cf HTTP/1.1" 200
2022-07-13 11:13:51,795 - uvicorn.error - INFO - Shutting down
2022-07-13 11:13:51,832 - uvicorn.error - INFO - connection closed
2022-07-13 11:13:51,913 - uvicorn.error - INFO - Waiting for application shutdown.
2022-07-13 11:13:51,915 - uvicorn.error - INFO - Application shutdown complete.
2022-07-13 11:13:51,915 - uvicorn.error - INFO - Finished server process [44531]
2022-07-13 11:14:33,315 - kedro.framework.session.session - INFO - ** Kedro project spaceflights-tutorial
2022-07-13 11:14:33,434 - kedro.io.data_catalog - INFO - Loading data from `shuttles` (ExcelDataSet)...
2022-07-13 11:14:41,127 - kedro.pipeline.node - INFO - Running node: preprocess_shuttles_node: preprocess_shuttles([shuttles]) -> [preprocessed_shuttles]
2022-07-13 11:14:41,192 - kedro.io.data_catalog - INFO - Saving data to `preprocessed_shuttles` (ExcelDataSet)...
2022-07-13 11:14:58,200 - kedro.runner.sequential_runner - INFO - Completed 1 out of 3 tasks
2022-07-13 11:14:58,201 - kedro.io.data_catalog - INFO - Loading data from `companies` (CSVDataSet)...
2022-07-13 11:14:58,232 - kedro.pipeline.node - INFO - Running node: preprocess_companies_node: preprocess_companies([companies]) -> [preprocessed_companies]
2022-07-13 11:14:58,256 - kedro.io.data_catalog - INFO - Saving data to `preprocessed_companies` (ExcelDataSet)...
2022-07-13 11:15:04,208 - kedro.runner.sequential_runner - INFO - Completed 2 out of 3 tasks
2022-07-13 11:15:04,208 - kedro.io.data_catalog - INFO - Loading data from `preprocessed_shuttles` (ExcelDataSet)...
2022-07-13 11:15:14,826 - kedro.io.data_catalog - INFO - Loading data from `preprocessed_companies` (ExcelDataSet)...
2022-07-13 11:15:18,453 - kedro.io.data_catalog - INFO - Loading data from `reviews` (CSVDataSet)...
2022-07-13 11:15:18,507 - kedro.pipeline.node - INFO - Running node: model_input_table_node: create_model_input_table([preprocessed_shuttles,preprocessed_companies,reviews]) -> [model_input_table]
2022-07-13 11:15:20,466 - kedro.io.data_catalog - INFO - Saving data to `model_input_table` (ExcelDataSet)...
2022-07-13 11:32:25,589 - kedro.runner.sequential_runner - INFO - Completed 3 out of 3 tasks
2022-07-13 11:32:25,593 - kedro.runner.sequential_runner - INFO - Pipeline execution completed successfully.
2022-07-13 11:32:25,599 - kedro.framework.session.store - INFO - `save()` not implemented for `BaseSessionStore`. Skipping the step.
2022-07-13 11:59:41,847 - kedro.framework.session.session - INFO - ** Kedro project spaceflights-tutorial
2022-07-13 12:00:10,085 - kedro.io.data_catalog - INFO - Loading data from `model_input_table` (ExcelDataSet)...
2022-07-13 12:03:22,450 - kedro.io.data_catalog - INFO - Loading data from `params:model_options` (MemoryDataSet)...
2022-07-13 12:03:22,452 - kedro.pipeline.node - INFO - Running node: split_dadta_node: split_data([model_input_table,params:model_options]) -> [X_train,X_test,y_train,y_test]
2022-07-13 12:03:22,518 - kedro.io.data_catalog - INFO - Saving data to `X_train` (MemoryDataSet)...
2022-07-13 12:03:22,519 - kedro.io.data_catalog - INFO - Saving data to `X_test` (MemoryDataSet)...
2022-07-13 12:03:22,828 - kedro.io.data_catalog - INFO - Saving data to `y_train` (MemoryDataSet)...
2022-07-13 12:03:22,829 - kedro.io.data_catalog - INFO - Saving data to `y_test` (MemoryDataSet)...
2022-07-13 12:03:22,843 - kedro.runner.sequential_runner - INFO - Completed 1 out of 3 tasks
2022-07-13 12:03:22,843 - kedro.io.data_catalog - INFO - Loading data from `X_train` (MemoryDataSet)...
2022-07-13 12:03:22,844 - kedro.io.data_catalog - INFO - Loading data from `X_test` (MemoryDataSet)...
2022-07-13 12:03:22,845 - kedro.pipeline.node - INFO - Running node: train_model_node: train_model([X_train,X_test]) -> [regressor]
2022-07-13 12:03:22,873 - kedro.pipeline.node - ERROR - Node `train_model_node: train_model([X_train,X_test]) -> [regressor]` failed with error: 
Found input variables with inconsistent numbers of samples: [607687, 151922]
2022-07-13 12:03:22,881 - kedro.runner.sequential_runner - WARNING - There are 2 nodes that have not run.
You can resume the pipeline run by adding the following argument to your previous command:
  --from-nodes "train_model_node,evaluate_model_node"
2022-07-13 12:03:22,993 - kedro.framework.session.store - INFO - `save()` not implemented for `BaseSessionStore`. Skipping the step.
2022-07-13 12:06:24,458 - kedro.framework.session.session - INFO - ** Kedro project spaceflights-tutorial
2022-07-13 12:06:25,929 - kedro.io.data_catalog - INFO - Loading data from `model_input_table` (ExcelDataSet)...
2022-07-13 12:09:37,639 - kedro.io.data_catalog - INFO - Loading data from `params:model_options` (MemoryDataSet)...
2022-07-13 12:09:37,656 - kedro.pipeline.node - INFO - Running node: split_dadta_node: split_data([model_input_table,params:model_options]) -> [X_train,X_test,y_train,y_test]
2022-07-13 12:09:37,730 - kedro.io.data_catalog - INFO - Saving data to `X_train` (MemoryDataSet)...
2022-07-13 12:09:37,731 - kedro.io.data_catalog - INFO - Saving data to `X_test` (MemoryDataSet)...
2022-07-13 12:09:38,088 - kedro.io.data_catalog - INFO - Saving data to `y_train` (MemoryDataSet)...
2022-07-13 12:09:38,089 - kedro.io.data_catalog - INFO - Saving data to `y_test` (MemoryDataSet)...
2022-07-13 12:09:38,102 - kedro.runner.sequential_runner - INFO - Completed 1 out of 3 tasks
2022-07-13 12:09:38,102 - kedro.io.data_catalog - INFO - Loading data from `X_train` (MemoryDataSet)...
2022-07-13 12:09:38,104 - kedro.io.data_catalog - INFO - Loading data from `y_train` (MemoryDataSet)...
2022-07-13 12:09:38,104 - kedro.pipeline.node - INFO - Running node: train_model_node: train_model([X_train,y_train]) -> [regressor]
2022-07-13 12:09:38,645 - kedro.io.data_catalog - INFO - Saving data to `regressor` (PickleDataSet)...
2022-07-13 12:09:38,667 - kedro.runner.sequential_runner - INFO - Completed 2 out of 3 tasks
2022-07-13 12:09:38,667 - kedro.io.data_catalog - INFO - Loading data from `regressor` (PickleDataSet)...
2022-07-13 12:09:38,900 - kedro.io.data_catalog - INFO - Loading data from `X_test` (MemoryDataSet)...
2022-07-13 12:09:38,901 - kedro.io.data_catalog - INFO - Loading data from `y_test` (MemoryDataSet)...
2022-07-13 12:09:38,901 - kedro.pipeline.node - INFO - Running node: evaluate_model_node: evaluate_model([regressor,X_test,y_test]) -> None
2022-07-13 12:09:38,917 - spacefligths_tutorial.pipelines.model.nodes - INFO - Model has a coefficient R^2 of 0.477 on test data.
2022-07-13 12:09:38,917 - kedro.runner.sequential_runner - INFO - Completed 3 out of 3 tasks
2022-07-13 12:09:38,917 - kedro.runner.sequential_runner - INFO - Pipeline execution completed successfully.
2022-07-13 12:09:38,917 - kedro.framework.session.store - INFO - `save()` not implemented for `BaseSessionStore`. Skipping the step.
2022-07-13 12:12:43,598 - kedro.framework.session.session - INFO - ** Kedro project spaceflights-tutorial
2022-07-13 12:12:45,326 - kedro.io.data_catalog - INFO - Loading data from `model_input_table` (ExcelDataSet)...
2022-07-13 12:15:59,708 - kedro.io.data_catalog - INFO - Loading data from `params:model_options` (MemoryDataSet)...
2022-07-13 12:15:59,709 - kedro.pipeline.node - INFO - Running node: split_dadta_node: split_data([model_input_table,params:model_options]) -> [X_train,X_test,y_train,y_test]
2022-07-13 12:15:59,780 - kedro.io.data_catalog - INFO - Saving data to `X_train` (MemoryDataSet)...
2022-07-13 12:15:59,783 - kedro.io.data_catalog - INFO - Saving data to `X_test` (MemoryDataSet)...
2022-07-13 12:16:00,107 - kedro.io.data_catalog - INFO - Saving data to `y_train` (MemoryDataSet)...
2022-07-13 12:16:00,108 - kedro.io.data_catalog - INFO - Saving data to `y_test` (MemoryDataSet)...
2022-07-13 12:16:00,122 - kedro.runner.sequential_runner - INFO - Completed 1 out of 3 tasks
2022-07-13 12:16:00,122 - kedro.io.data_catalog - INFO - Loading data from `X_train` (MemoryDataSet)...
2022-07-13 12:16:00,124 - kedro.io.data_catalog - INFO - Loading data from `y_train` (MemoryDataSet)...
2022-07-13 12:16:00,125 - kedro.pipeline.node - INFO - Running node: train_model_node: train_model([X_train,y_train]) -> [regressor]
2022-07-13 12:16:00,663 - kedro.io.data_catalog - INFO - Saving data to `regressor` (PickleDataSet)...
2022-07-13 12:16:00,707 - kedro.runner.sequential_runner - INFO - Completed 2 out of 3 tasks
2022-07-13 12:16:00,707 - kedro.io.data_catalog - INFO - Loading data from `regressor` (PickleDataSet)...
2022-07-13 12:16:00,908 - kedro.io.data_catalog - INFO - Loading data from `X_test` (MemoryDataSet)...
2022-07-13 12:16:00,909 - kedro.io.data_catalog - INFO - Loading data from `y_test` (MemoryDataSet)...
2022-07-13 12:16:00,910 - kedro.pipeline.node - INFO - Running node: evaluate_model_node: evaluate_model([regressor,X_test,y_test]) -> None
2022-07-13 12:16:00,942 - spacefligths_tutorial.pipelines.model.nodes - INFO - Model has a coefficient R^2 of 0.477 on test data.
2022-07-13 12:16:00,943 - kedro.pipeline.node - ERROR - Node `evaluate_model_node: evaluate_model([regressor,X_test,y_test]) -> None` failed with error: 
name 'mape' is not defined
2022-07-13 12:16:01,173 - kedro.runner.sequential_runner - WARNING - There are 1 nodes that have not run.
You can resume the pipeline run by adding the following argument to your previous command:
  --from-nodes "evaluate_model_node"
2022-07-13 12:16:01,192 - kedro.framework.session.store - INFO - `save()` not implemented for `BaseSessionStore`. Skipping the step.
2022-07-13 12:16:17,451 - kedro.framework.session.session - INFO - ** Kedro project spaceflights-tutorial
2022-07-13 12:16:18,548 - kedro.io.data_catalog - INFO - Loading data from `model_input_table` (ExcelDataSet)...
2022-07-13 12:19:29,386 - kedro.io.data_catalog - INFO - Loading data from `params:model_options` (MemoryDataSet)...
2022-07-13 12:19:29,394 - kedro.pipeline.node - INFO - Running node: split_dadta_node: split_data([model_input_table,params:model_options]) -> [X_train,X_test,y_train,y_test]
2022-07-13 12:19:29,487 - kedro.io.data_catalog - INFO - Saving data to `X_train` (MemoryDataSet)...
2022-07-13 12:19:29,489 - kedro.io.data_catalog - INFO - Saving data to `X_test` (MemoryDataSet)...
2022-07-13 12:19:29,863 - kedro.io.data_catalog - INFO - Saving data to `y_train` (MemoryDataSet)...
2022-07-13 12:19:29,865 - kedro.io.data_catalog - INFO - Saving data to `y_test` (MemoryDataSet)...
2022-07-13 12:19:29,879 - kedro.runner.sequential_runner - INFO - Completed 1 out of 3 tasks
2022-07-13 12:19:29,885 - kedro.io.data_catalog - INFO - Loading data from `X_train` (MemoryDataSet)...
2022-07-13 12:19:29,887 - kedro.io.data_catalog - INFO - Loading data from `y_train` (MemoryDataSet)...
2022-07-13 12:19:29,889 - kedro.pipeline.node - INFO - Running node: train_model_node: train_model([X_train,y_train]) -> [regressor]
2022-07-13 12:19:30,452 - kedro.io.data_catalog - INFO - Saving data to `regressor` (PickleDataSet)...
2022-07-13 12:19:30,497 - kedro.runner.sequential_runner - INFO - Completed 2 out of 3 tasks
2022-07-13 12:19:30,497 - kedro.io.data_catalog - INFO - Loading data from `regressor` (PickleDataSet)...
2022-07-13 12:19:30,802 - kedro.io.data_catalog - INFO - Loading data from `X_test` (MemoryDataSet)...
2022-07-13 12:19:30,803 - kedro.io.data_catalog - INFO - Loading data from `y_test` (MemoryDataSet)...
2022-07-13 12:19:30,804 - kedro.pipeline.node - INFO - Running node: evaluate_model_node: evaluate_model([regressor,X_test,y_test]) -> None
2022-07-13 12:19:30,824 - spacefligths_tutorial.pipelines.model.nodes - INFO - Model has a coefficient R^2 of 0.477 on test data.
2022-07-13 12:19:30,825 - spacefligths_tutorial.pipelines.model.nodes - INFO - Model has a MAPE of 0.27 on test data.
2022-07-13 12:19:30,826 - kedro.runner.sequential_runner - INFO - Completed 3 out of 3 tasks
2022-07-13 12:19:30,826 - kedro.runner.sequential_runner - INFO - Pipeline execution completed successfully.
2022-07-13 12:19:30,828 - kedro.framework.session.store - INFO - `save()` not implemented for `BaseSessionStore`. Skipping the step.
2022-07-13 12:23:46,622 - kedro.framework.session.session - INFO - ** Kedro project spaceflights-tutorial
2022-07-13 12:23:48,122 - kedro.io.data_catalog - INFO - Loading data from `shuttles` (ExcelDataSet)...
2022-07-13 12:23:55,963 - kedro.pipeline.node - INFO - Running node: preprocess_shuttles_node: preprocess_shuttles([shuttles]) -> [preprocessed_shuttles]
2022-07-13 12:23:56,029 - kedro.io.data_catalog - INFO - Saving data to `preprocessed_shuttles` (ParquetDataSet)...
2022-07-13 12:23:56,120 - kedro.runner.sequential_runner - INFO - Completed 1 out of 6 tasks
2022-07-13 12:23:56,121 - kedro.io.data_catalog - INFO - Loading data from `companies` (CSVDataSet)...
2022-07-13 12:23:56,156 - kedro.pipeline.node - INFO - Running node: preprocess_companies_node: preprocess_companies([companies]) -> [preprocessed_companies]
2022-07-13 12:23:56,182 - kedro.io.data_catalog - INFO - Saving data to `preprocessed_companies` (ParquetDataSet)...
2022-07-13 12:23:56,201 - kedro.runner.sequential_runner - INFO - Completed 2 out of 6 tasks
2022-07-13 12:23:56,201 - kedro.io.data_catalog - INFO - Loading data from `preprocessed_shuttles` (ParquetDataSet)...
2022-07-13 12:23:57,106 - kedro.io.data_catalog - INFO - Loading data from `preprocessed_companies` (ParquetDataSet)...
2022-07-13 12:23:57,114 - kedro.io.data_catalog - INFO - Loading data from `reviews` (CSVDataSet)...
2022-07-13 12:23:57,165 - kedro.pipeline.node - INFO - Running node: model_input_table_node: create_model_input_table([preprocessed_shuttles,preprocessed_companies,reviews]) -> [model_input_table]
2022-07-13 12:23:59,054 - kedro.io.data_catalog - INFO - Saving data to `model_input_table` (ParquetDataSet)...
2022-07-13 12:23:59,640 - kedro.runner.sequential_runner - INFO - Completed 3 out of 6 tasks
2022-07-13 12:23:59,640 - kedro.io.data_catalog - INFO - Loading data from `model_input_table` (ParquetDataSet)...
2022-07-13 12:23:59,811 - kedro.io.data_catalog - INFO - Loading data from `params:model_options` (MemoryDataSet)...
2022-07-13 12:23:59,812 - kedro.pipeline.node - INFO - Running node: split_dadta_node: split_data([model_input_table,params:model_options]) -> [X_train,X_test,y_train,y_test]
2022-07-13 12:23:59,912 - kedro.io.data_catalog - INFO - Saving data to `X_train` (MemoryDataSet)...
2022-07-13 12:23:59,915 - kedro.io.data_catalog - INFO - Saving data to `X_test` (MemoryDataSet)...
2022-07-13 12:23:59,916 - kedro.io.data_catalog - INFO - Saving data to `y_train` (MemoryDataSet)...
2022-07-13 12:23:59,916 - kedro.io.data_catalog - INFO - Saving data to `y_test` (MemoryDataSet)...
2022-07-13 12:23:59,931 - kedro.runner.sequential_runner - INFO - Completed 4 out of 6 tasks
2022-07-13 12:23:59,931 - kedro.io.data_catalog - INFO - Loading data from `X_train` (MemoryDataSet)...
2022-07-13 12:23:59,933 - kedro.io.data_catalog - INFO - Loading data from `y_train` (MemoryDataSet)...
2022-07-13 12:23:59,934 - kedro.pipeline.node - INFO - Running node: train_model_node: train_model([X_train,y_train]) -> [regressor]
2022-07-13 12:24:00,474 - kedro.io.data_catalog - INFO - Saving data to `regressor` (PickleDataSet)...
2022-07-13 12:24:00,475 - kedro.runner.sequential_runner - WARNING - There are 2 nodes that have not run.
You can resume the pipeline run by adding the following argument to your previous command:
  --from-nodes "train_model_node,evaluate_model_node"
2022-07-13 12:24:00,527 - kedro.framework.session.store - INFO - `save()` not implemented for `BaseSessionStore`. Skipping the step.
2022-07-13 12:24:43,259 - kedro.framework.session.session - INFO - ** Kedro project spaceflights-tutorial
2022-07-13 12:24:44,294 - kedro.io.data_catalog - INFO - Loading data from `shuttles` (ExcelDataSet)...
2022-07-13 12:24:51,959 - kedro.pipeline.node - INFO - Running node: preprocess_shuttles_node: preprocess_shuttles([shuttles]) -> [preprocessed_shuttles]
2022-07-13 12:24:52,022 - kedro.io.data_catalog - INFO - Saving data to `preprocessed_shuttles` (ParquetDataSet)...
2022-07-13 12:24:52,090 - kedro.runner.sequential_runner - INFO - Completed 1 out of 6 tasks
2022-07-13 12:24:52,090 - kedro.io.data_catalog - INFO - Loading data from `companies` (CSVDataSet)...
2022-07-13 12:24:52,123 - kedro.pipeline.node - INFO - Running node: preprocess_companies_node: preprocess_companies([companies]) -> [preprocessed_companies]
2022-07-13 12:24:52,147 - kedro.io.data_catalog - INFO - Saving data to `preprocessed_companies` (ParquetDataSet)...
2022-07-13 12:24:52,165 - kedro.runner.sequential_runner - INFO - Completed 2 out of 6 tasks
2022-07-13 12:24:52,165 - kedro.io.data_catalog - INFO - Loading data from `preprocessed_shuttles` (ParquetDataSet)...
2022-07-13 12:24:52,211 - kedro.io.data_catalog - INFO - Loading data from `preprocessed_companies` (ParquetDataSet)...
2022-07-13 12:24:52,225 - kedro.io.data_catalog - INFO - Loading data from `reviews` (CSVDataSet)...
2022-07-13 12:24:52,273 - kedro.pipeline.node - INFO - Running node: model_input_table_node: create_model_input_table([preprocessed_shuttles,preprocessed_companies,reviews]) -> [model_input_table]
2022-07-13 12:24:54,182 - kedro.io.data_catalog - INFO - Saving data to `model_input_table` (ParquetDataSet)...
2022-07-13 12:24:54,757 - kedro.runner.sequential_runner - INFO - Completed 3 out of 6 tasks
2022-07-13 12:24:54,758 - kedro.io.data_catalog - INFO - Loading data from `model_input_table` (ParquetDataSet)...
2022-07-13 12:24:54,904 - kedro.io.data_catalog - INFO - Loading data from `params:model_options` (MemoryDataSet)...
2022-07-13 12:24:54,905 - kedro.pipeline.node - INFO - Running node: split_dadta_node: split_data([model_input_table,params:model_options]) -> [X_train,X_test,y_train,y_test]
2022-07-13 12:24:54,986 - kedro.io.data_catalog - INFO - Saving data to `X_train` (MemoryDataSet)...
2022-07-13 12:24:54,989 - kedro.io.data_catalog - INFO - Saving data to `X_test` (MemoryDataSet)...
2022-07-13 12:24:54,990 - kedro.io.data_catalog - INFO - Saving data to `y_train` (MemoryDataSet)...
2022-07-13 12:24:54,991 - kedro.io.data_catalog - INFO - Saving data to `y_test` (MemoryDataSet)...
2022-07-13 12:24:55,005 - kedro.runner.sequential_runner - INFO - Completed 4 out of 6 tasks
2022-07-13 12:24:55,005 - kedro.io.data_catalog - INFO - Loading data from `X_train` (MemoryDataSet)...
2022-07-13 12:24:55,007 - kedro.io.data_catalog - INFO - Loading data from `y_train` (MemoryDataSet)...
2022-07-13 12:24:55,007 - kedro.pipeline.node - INFO - Running node: train_model_node: train_model([X_train,y_train]) -> [regressor]
2022-07-13 12:24:55,540 - kedro.io.data_catalog - INFO - Saving data to `regressor` (PickleDataSet)...
2022-07-13 12:24:55,542 - kedro.runner.sequential_runner - INFO - Completed 5 out of 6 tasks
2022-07-13 12:24:55,542 - kedro.io.data_catalog - INFO - Loading data from `regressor` (PickleDataSet)...
2022-07-13 12:24:55,652 - kedro.io.data_catalog - INFO - Loading data from `X_test` (MemoryDataSet)...
2022-07-13 12:24:55,653 - kedro.io.data_catalog - INFO - Loading data from `y_test` (MemoryDataSet)...
2022-07-13 12:24:55,653 - kedro.pipeline.node - INFO - Running node: evaluate_model_node: evaluate_model([regressor,X_test,y_test]) -> None
2022-07-13 12:24:55,666 - spacefligths_tutorial.pipelines.model.nodes - INFO - Model has a coefficient R^2 of 0.477 on test data.
2022-07-13 12:24:55,668 - spacefligths_tutorial.pipelines.model.nodes - INFO - Model has a MAPE of 26.94 on test data.
2022-07-13 12:24:55,668 - kedro.runner.sequential_runner - INFO - Completed 6 out of 6 tasks
2022-07-13 12:24:55,668 - kedro.runner.sequential_runner - INFO - Pipeline execution completed successfully.
2022-07-13 12:24:55,668 - kedro.framework.session.store - INFO - `save()` not implemented for `BaseSessionStore`. Skipping the step.
2022-07-13 12:25:56,442 - kedro.framework.session.session - INFO - ** Kedro project spaceflights-tutorial
2022-07-13 12:25:59,864 - kedro.io.data_catalog - INFO - Loading data from `shuttles` (ExcelDataSet)...
2022-07-13 12:25:59,864 - kedro.io.data_catalog - INFO - Loading data from `companies` (CSVDataSet)...
2022-07-13 12:25:59,899 - kedro.pipeline.node - INFO - Running node: preprocess_companies_node: preprocess_companies([companies]) -> [preprocessed_companies]
2022-07-13 12:25:59,925 - kedro.io.data_catalog - INFO - Saving data to `preprocessed_companies` (ParquetDataSet)...
2022-07-13 12:26:07,641 - kedro.pipeline.node - INFO - Running node: preprocess_shuttles_node: preprocess_shuttles([shuttles]) -> [preprocessed_shuttles]
2022-07-13 12:26:07,705 - kedro.io.data_catalog - INFO - Saving data to `preprocessed_shuttles` (ParquetDataSet)...
2022-07-13 12:26:07,893 - kedro.io.data_catalog - INFO - Loading data from `preprocessed_shuttles` (ParquetDataSet)...
2022-07-13 12:26:07,942 - kedro.io.data_catalog - INFO - Loading data from `preprocessed_companies` (ParquetDataSet)...
2022-07-13 12:26:07,951 - kedro.io.data_catalog - INFO - Loading data from `reviews` (CSVDataSet)...
2022-07-13 12:26:07,999 - kedro.pipeline.node - INFO - Running node: model_input_table_node: create_model_input_table([preprocessed_shuttles,preprocessed_companies,reviews]) -> [model_input_table]
2022-07-13 12:26:09,861 - kedro.io.data_catalog - INFO - Saving data to `model_input_table` (ParquetDataSet)...
2022-07-13 12:26:11,463 - kedro.io.data_catalog - INFO - Loading data from `model_input_table` (ParquetDataSet)...
2022-07-13 12:26:11,660 - kedro.io.data_catalog - INFO - Loading data from `params:model_options` (MemoryDataSet)...
2022-07-13 12:26:11,660 - kedro.pipeline.node - INFO - Running node: split_dadta_node: split_data([model_input_table,params:model_options]) -> [X_train,X_test,y_train,y_test]
2022-07-13 12:26:11,742 - kedro.io.data_catalog - INFO - Saving data to `X_train` (_SharedMemoryDataSet)...
2022-07-13 12:26:12,463 - kedro.io.data_catalog - INFO - Saving data to `X_test` (_SharedMemoryDataSet)...
2022-07-13 12:26:12,481 - kedro.io.data_catalog - INFO - Saving data to `y_train` (_SharedMemoryDataSet)...
2022-07-13 12:26:12,516 - kedro.io.data_catalog - INFO - Saving data to `y_test` (_SharedMemoryDataSet)...
2022-07-13 12:26:13,662 - kedro.io.data_catalog - INFO - Loading data from `X_train` (_SharedMemoryDataSet)...
2022-07-13 12:26:13,740 - kedro.io.data_catalog - INFO - Loading data from `y_train` (_SharedMemoryDataSet)...
2022-07-13 12:26:13,768 - kedro.pipeline.node - INFO - Running node: train_model_node: train_model([X_train,y_train]) -> [regressor]
2022-07-13 12:26:14,334 - kedro.io.data_catalog - INFO - Saving data to `regressor` (PickleDataSet)...
2022-07-13 12:26:14,404 - kedro.io.data_catalog - INFO - Loading data from `regressor` (PickleDataSet)...
2022-07-13 12:26:14,537 - kedro.io.data_catalog - INFO - Loading data from `X_test` (_SharedMemoryDataSet)...
2022-07-13 12:26:14,558 - kedro.io.data_catalog - INFO - Loading data from `y_test` (_SharedMemoryDataSet)...
2022-07-13 12:26:14,565 - kedro.pipeline.node - INFO - Running node: evaluate_model_node: evaluate_model([regressor,X_test,y_test]) -> None
2022-07-13 12:26:14,582 - spacefligths_tutorial.pipelines.model.nodes - INFO - Model has a coefficient R^2 of 0.477 on test data.
2022-07-13 12:26:14,586 - spacefligths_tutorial.pipelines.model.nodes - INFO - Model has a MAPE of 26.94 on test data.
2022-07-13 12:26:14,778 - kedro.runner.parallel_runner - INFO - Pipeline execution completed successfully.
2022-07-13 12:26:14,858 - kedro.framework.session.store - INFO - `save()` not implemented for `BaseSessionStore`. Skipping the step.
2022-07-13 12:26:43,036 - kedro.framework.session.session - INFO - ** Kedro project spaceflights-tutorial
2022-07-13 12:26:43,897 - kedro.io.data_catalog - INFO - Loading data from `companies` (CSVDataSet)...
2022-07-13 12:26:43,897 - kedro.io.data_catalog - INFO - Loading data from `shuttles` (ExcelDataSet)...
2022-07-13 12:26:43,950 - kedro.pipeline.node - INFO - Running node: preprocess_companies_node: preprocess_companies([companies]) -> [preprocessed_companies]
2022-07-13 12:26:44,031 - kedro.io.data_catalog - INFO - Saving data to `preprocessed_companies` (ParquetDataSet)...
2022-07-13 12:26:44,060 - kedro.runner.thread_runner - INFO - Completed node: preprocess_companies_node
2022-07-13 12:26:44,061 - kedro.runner.thread_runner - INFO - Completed 1 out of 6 tasks
2022-07-13 12:26:51,971 - kedro.pipeline.node - INFO - Running node: preprocess_shuttles_node: preprocess_shuttles([shuttles]) -> [preprocessed_shuttles]
2022-07-13 12:26:52,056 - kedro.io.data_catalog - INFO - Saving data to `preprocessed_shuttles` (ParquetDataSet)...
2022-07-13 12:26:52,105 - kedro.runner.thread_runner - INFO - Completed node: preprocess_shuttles_node
2022-07-13 12:26:52,105 - kedro.runner.thread_runner - INFO - Completed 2 out of 6 tasks
2022-07-13 12:26:52,105 - kedro.io.data_catalog - INFO - Loading data from `preprocessed_shuttles` (ParquetDataSet)...
2022-07-13 12:26:52,177 - kedro.io.data_catalog - INFO - Loading data from `preprocessed_companies` (ParquetDataSet)...
2022-07-13 12:26:52,185 - kedro.io.data_catalog - INFO - Loading data from `reviews` (CSVDataSet)...
2022-07-13 12:26:52,236 - kedro.pipeline.node - INFO - Running node: model_input_table_node: create_model_input_table([preprocessed_shuttles,preprocessed_companies,reviews]) -> [model_input_table]
2022-07-13 12:26:54,064 - kedro.io.data_catalog - INFO - Saving data to `model_input_table` (ParquetDataSet)...
2022-07-13 12:26:54,614 - kedro.runner.thread_runner - INFO - Completed node: model_input_table_node
2022-07-13 12:26:54,614 - kedro.runner.thread_runner - INFO - Completed 3 out of 6 tasks
2022-07-13 12:26:54,614 - kedro.io.data_catalog - INFO - Loading data from `model_input_table` (ParquetDataSet)...
2022-07-13 12:26:54,793 - kedro.io.data_catalog - INFO - Loading data from `params:model_options` (MemoryDataSet)...
2022-07-13 12:26:54,794 - kedro.pipeline.node - INFO - Running node: split_dadta_node: split_data([model_input_table,params:model_options]) -> [X_train,X_test,y_train,y_test]
2022-07-13 12:26:54,873 - kedro.io.data_catalog - INFO - Saving data to `X_train` (MemoryDataSet)...
2022-07-13 12:26:54,877 - kedro.io.data_catalog - INFO - Saving data to `X_test` (MemoryDataSet)...
2022-07-13 12:26:54,878 - kedro.io.data_catalog - INFO - Saving data to `y_train` (MemoryDataSet)...
2022-07-13 12:26:54,880 - kedro.io.data_catalog - INFO - Saving data to `y_test` (MemoryDataSet)...
2022-07-13 12:26:54,895 - kedro.runner.thread_runner - INFO - Completed node: split_dadta_node
2022-07-13 12:26:54,895 - kedro.runner.thread_runner - INFO - Completed 4 out of 6 tasks
2022-07-13 12:26:54,896 - kedro.io.data_catalog - INFO - Loading data from `X_train` (MemoryDataSet)...
2022-07-13 12:26:54,899 - kedro.io.data_catalog - INFO - Loading data from `y_train` (MemoryDataSet)...
2022-07-13 12:26:54,900 - kedro.pipeline.node - INFO - Running node: train_model_node: train_model([X_train,y_train]) -> [regressor]
2022-07-13 12:26:55,426 - kedro.io.data_catalog - INFO - Saving data to `regressor` (PickleDataSet)...
2022-07-13 12:26:55,428 - kedro.runner.thread_runner - INFO - Completed node: train_model_node
2022-07-13 12:26:55,428 - kedro.runner.thread_runner - INFO - Completed 5 out of 6 tasks
2022-07-13 12:26:55,429 - kedro.io.data_catalog - INFO - Loading data from `regressor` (PickleDataSet)...
2022-07-13 12:26:55,527 - kedro.io.data_catalog - INFO - Loading data from `X_test` (MemoryDataSet)...
2022-07-13 12:26:55,528 - kedro.io.data_catalog - INFO - Loading data from `y_test` (MemoryDataSet)...
2022-07-13 12:26:55,528 - kedro.pipeline.node - INFO - Running node: evaluate_model_node: evaluate_model([regressor,X_test,y_test]) -> None
2022-07-13 12:26:55,538 - spacefligths_tutorial.pipelines.model.nodes - INFO - Model has a coefficient R^2 of 0.477 on test data.
2022-07-13 12:26:55,539 - spacefligths_tutorial.pipelines.model.nodes - INFO - Model has a MAPE of 26.94 on test data.
2022-07-13 12:26:55,539 - kedro.runner.thread_runner - INFO - Completed node: evaluate_model_node
2022-07-13 12:26:55,539 - kedro.runner.thread_runner - INFO - Completed 6 out of 6 tasks
2022-07-13 12:26:55,540 - kedro.runner.thread_runner - INFO - Pipeline execution completed successfully.
2022-07-13 12:26:55,540 - kedro.framework.session.store - INFO - `save()` not implemented for `BaseSessionStore`. Skipping the step.
2022-07-13 12:29:28,582 - uvicorn.error - INFO - Started server process [46693]
2022-07-13 12:29:28,586 - uvicorn.error - INFO - Waiting for application startup.
2022-07-13 12:29:28,589 - uvicorn.error - INFO - Application startup complete.
2022-07-13 12:29:28,606 - uvicorn.error - INFO - Uvicorn running on http://127.0.0.1:4141 (Press CTRL+C to quit)
2022-07-13 12:29:28,838 - uvicorn.access - INFO - 127.0.0.1:54765 - "GET / HTTP/1.1" 200
2022-07-13 12:29:28,880 - uvicorn.access - INFO - 127.0.0.1:54765 - "GET /js/main.976deb37.chunk.js HTTP/1.1" 304
2022-07-13 12:29:28,880 - uvicorn.access - INFO - 127.0.0.1:54766 - "GET /css/main.ea9e0d4a.chunk.css HTTP/1.1" 304
2022-07-13 12:29:28,905 - uvicorn.access - INFO - 127.0.0.1:54765 - "GET /js/2.453203af.chunk.js HTTP/1.1" 304
2022-07-13 12:29:28,905 - uvicorn.access - INFO - 127.0.0.1:54766 - "GET /js/2.453203af.chunk.js HTTP/1.1" 304
2022-07-13 12:29:29,022 - uvicorn.error - INFO - ('127.0.0.1', 54776) - "WebSocket /graphql" [accepted]
2022-07-13 12:29:29,023 - uvicorn.error - INFO - connection open
2022-07-13 12:29:29,340 - uvicorn.access - INFO - 127.0.0.1:54765 - "GET /api/main HTTP/1.1" 200
2022-07-13 12:29:29,353 - kedro_viz.integrations.pypi - INFO - Checking for update...
2022-07-13 12:29:29,434 - uvicorn.access - INFO - 127.0.0.1:54766 - "POST /graphql HTTP/1.1" 200
2022-07-13 12:29:39,253 - uvicorn.access - INFO - 127.0.0.1:54787 - "GET /api/nodes/deed862c HTTP/1.1" 200
2022-07-13 12:29:47,001 - uvicorn.access - INFO - 127.0.0.1:54791 - "GET /api/nodes/d3eb95c4 HTTP/1.1" 200
2022-07-13 12:32:57,698 - uvicorn.error - INFO - Shutting down
2022-07-13 12:32:57,720 - uvicorn.error - INFO - connection closed
2022-07-13 12:32:57,807 - uvicorn.error - INFO - Waiting for application shutdown.
2022-07-13 12:32:57,809 - uvicorn.error - INFO - Application shutdown complete.
2022-07-13 12:32:57,810 - uvicorn.error - INFO - Finished server process [46693]
2022-07-13 12:33:18,121 - uvicorn.error - INFO - Started server process [46853]
2022-07-13 12:33:18,122 - uvicorn.error - INFO - Waiting for application startup.
2022-07-13 12:33:18,122 - uvicorn.error - INFO - Application startup complete.
2022-07-13 12:33:18,126 - uvicorn.error - INFO - Uvicorn running on http://127.0.0.1:4141 (Press CTRL+C to quit)
2022-07-13 12:33:21,514 - uvicorn.error - INFO - Shutting down
2022-07-13 12:33:21,617 - uvicorn.error - INFO - Finished server process [46853]
2022-07-13 12:33:21,623 - uvicorn.error - INFO - ASGI 'lifespan' protocol appears unsupported.
2022-07-13 12:33:36,869 - uvicorn.error - INFO - Started server process [46871]
2022-07-13 12:33:36,879 - uvicorn.error - INFO - Waiting for application startup.
2022-07-13 12:33:36,881 - uvicorn.error - INFO - Application startup complete.
2022-07-13 12:33:36,900 - uvicorn.error - INFO - Uvicorn running on http://127.0.0.1:4141 (Press CTRL+C to quit)
2022-07-13 12:33:36,915 - uvicorn.access - INFO - 127.0.0.1:54927 - "GET / HTTP/1.1" 200
2022-07-13 12:33:37,075 - uvicorn.error - INFO - ('127.0.0.1', 54929) - "WebSocket /graphql" [accepted]
2022-07-13 12:33:37,075 - uvicorn.error - INFO - connection open
2022-07-13 12:33:37,366 - uvicorn.access - INFO - 127.0.0.1:54927 - "GET /api/main HTTP/1.1" 200
2022-07-13 12:33:37,377 - kedro_viz.integrations.pypi - INFO - Checking for update...
2022-07-13 12:33:37,452 - uvicorn.access - INFO - 127.0.0.1:54939 - "POST /graphql HTTP/1.1" 200
2022-07-13 12:34:43,669 - uvicorn.access - INFO - 127.0.0.1:54981 - "GET /api/nodes/deed862c HTTP/1.1" 200
2022-07-13 12:53:27,532 - uvicorn.access - INFO - 127.0.0.1:55640 - "GET /api/nodes/f1d596c2 HTTP/1.1" 200
2022-07-13 12:53:41,648 - uvicorn.error - INFO - Shutting down
2022-07-13 12:53:41,673 - uvicorn.error - INFO - connection closed
2022-07-13 12:53:41,752 - uvicorn.error - INFO - Waiting for application shutdown.
2022-07-13 12:53:41,753 - uvicorn.error - INFO - Application shutdown complete.
2022-07-13 12:53:41,754 - uvicorn.error - INFO - Finished server process [46871]
2022-07-13 16:08:32,568 - kedro.framework.session.session - INFO - ** Kedro project spaceflights_tutorial
2022-07-13 16:08:34,381 - kedro.io.data_catalog - INFO - Loading data from `companies` (CSVDataSet)...
2022-07-13 16:08:34,420 - kedro.pipeline.node - INFO - Running node: preprocess_companies_node: preprocess_companies([companies]) -> [preprocessed_companies]
2022-07-13 16:08:34,449 - kedro.io.data_catalog - INFO - Saving data to `preprocessed_companies` (ParquetDataSet)...
2022-07-13 16:08:34,511 - kedro.runner.sequential_runner - INFO - Completed 1 out of 6 tasks
2022-07-13 16:08:34,511 - kedro.io.data_catalog - INFO - Loading data from `shuttles` (ExcelDataSet)...
2022-07-13 16:08:42,341 - kedro.pipeline.node - INFO - Running node: preprocess_shuttles_node: preprocess_shuttles([shuttles]) -> [preprocessed_shuttles]
2022-07-13 16:08:42,409 - kedro.io.data_catalog - INFO - Saving data to `preprocessed_shuttles` (ParquetDataSet)...
2022-07-13 16:08:42,460 - kedro.runner.sequential_runner - INFO - Completed 2 out of 6 tasks
2022-07-13 16:08:42,460 - kedro.io.data_catalog - INFO - Loading data from `preprocessed_shuttles` (ParquetDataSet)...
2022-07-13 16:08:42,558 - kedro.io.data_catalog - INFO - Loading data from `preprocessed_companies` (ParquetDataSet)...
2022-07-13 16:08:42,565 - kedro.io.data_catalog - INFO - Loading data from `reviews` (CSVDataSet)...
2022-07-13 16:08:42,604 - kedro.pipeline.node - INFO - Running node: model_input_table_node: create_model_input_table([preprocessed_shuttles,preprocessed_companies,reviews]) -> [model_input_table]
2022-07-13 16:08:44,493 - kedro.io.data_catalog - INFO - Saving data to `model_input_table` (ParquetDataSet)...
2022-07-13 16:08:45,044 - kedro.runner.sequential_runner - INFO - Completed 3 out of 6 tasks
2022-07-13 16:08:45,044 - kedro.io.data_catalog - INFO - Loading data from `model_input_table` (ParquetDataSet)...
2022-07-13 16:08:45,196 - kedro.io.data_catalog - INFO - Loading data from `params:model_options` (MemoryDataSet)...
2022-07-13 16:08:45,197 - kedro.pipeline.node - INFO - Running node: split_dadta_node: split_data([model_input_table,params:model_options]) -> [X_train,X_test,y_train,y_test]
2022-07-13 16:08:45,273 - kedro.io.data_catalog - INFO - Saving data to `X_train` (MemoryDataSet)...
2022-07-13 16:08:45,278 - kedro.io.data_catalog - INFO - Saving data to `X_test` (MemoryDataSet)...
2022-07-13 16:08:45,280 - kedro.io.data_catalog - INFO - Saving data to `y_train` (MemoryDataSet)...
2022-07-13 16:08:45,280 - kedro.io.data_catalog - INFO - Saving data to `y_test` (MemoryDataSet)...
2022-07-13 16:08:45,295 - kedro.runner.sequential_runner - INFO - Completed 4 out of 6 tasks
2022-07-13 16:08:45,295 - kedro.io.data_catalog - INFO - Loading data from `X_train` (MemoryDataSet)...
2022-07-13 16:08:45,299 - kedro.io.data_catalog - INFO - Loading data from `y_train` (MemoryDataSet)...
2022-07-13 16:08:45,300 - kedro.pipeline.node - INFO - Running node: train_model_node: train_model([X_train,y_train]) -> [regressor]
2022-07-13 16:08:45,836 - kedro.io.data_catalog - INFO - Saving data to `regressor` (PickleDataSet)...
2022-07-13 16:08:45,839 - kedro.runner.sequential_runner - INFO - Completed 5 out of 6 tasks
2022-07-13 16:08:45,839 - kedro.io.data_catalog - INFO - Loading data from `regressor` (PickleDataSet)...
2022-07-13 16:08:45,927 - kedro.io.data_catalog - INFO - Loading data from `X_test` (MemoryDataSet)...
2022-07-13 16:08:45,930 - kedro.io.data_catalog - INFO - Loading data from `y_test` (MemoryDataSet)...
2022-07-13 16:08:45,930 - kedro.pipeline.node - INFO - Running node: evaluate_model_node: evaluate_model([regressor,X_test,y_test]) -> None
2022-07-13 16:08:45,944 - spacefligths_tutorial.pipelines.model.nodes - INFO - Model has a coefficient R^2 of 0.477 on test data.
2022-07-13 16:08:45,944 - spacefligths_tutorial.pipelines.model.nodes - INFO - Model has a MAPE of 26.94 on test data.
2022-07-13 16:08:45,945 - kedro.runner.sequential_runner - INFO - Completed 6 out of 6 tasks
2022-07-13 16:08:45,945 - kedro.runner.sequential_runner - INFO - Pipeline execution completed successfully.
2022-07-13 16:08:45,945 - kedro.framework.session.store - INFO - `save()` not implemented for `BaseSessionStore`. Skipping the step.
